This file contains any messages produced by compilers while
running configure, to aid debugging if configure makes a mistake.

It was created by configure, which was
generated by GNU Autoconf 2.52.20011227.  Invocation command line was

  $ ./configure --host=arm-linux --target=arm-linux --build=i686-linux --without-ada --without-progs

## ---------- ##
## Platform.  ##
## ---------- ##

hostname = sash
uname -m = i686
uname -r = 2.4.21-mh3
uname -s = Linux
uname -v = #1 ÷ÔÒ á×Ç 19 00:19:16 UTC 2003

/usr/bin/uname -p = unknown
/bin/uname -X     = unknown

/bin/arch              = i686
/usr/bin/arch -k       = unknown
/usr/convex/getsysinfo = unknown
hostinfo               = unknown
/bin/machine           = unknown
/usr/bin/oslevel       = unknown
/bin/universe          = unknown

PATH = /usr/local/arm/3.3.1/bin:/usr/local/bin:/usr/bin:/bin:/usr/X11R6/bin:/usr/games:/opt/kde/bin:/usr/lib/qt-3.1.2/bin:/usr/share/texmf/bin:.

## ------------ ##
## Core tests.  ##
## ------------ ##

configure:1023: PATH=".;."; conftest.sh
./configure: line 1024: conftest.sh: command not found
configure:1026: $? = 127
configure:1043: result: Configuring NCURSES 5.3 ABI 5 (Sun Sep  7 23:24:59 UTC 2003)
configure:1077: checking build system type
configure:1095: result: i686-pc-linux-gnu
configure:1102: checking host system type
configure:1116: result: arm-unknown-linux-gnu
configure:1124: checking target system type
configure:1138: result: arm-unknown-linux-gnu
configure:1169: result: Configuring for linux-gnu
configure:1222: checking for prefix
configure:1234: result: /usr
configure:1274: checking for arm-linux-gcc
configure:1289: found /usr/local/arm/3.3.1/bin/arm-linux-gcc
configure:1297: result: arm-linux-gcc
configure:1560: checking for C compiler version
configure:1563: arm-linux-gcc --version </dev/null >&5
arm-linux-gcc (GCC) 3.3.1
Copyright (C) 2003 Free Software Foundation, Inc.
This is free software; see the source for copying conditions.  There is NO
warranty; not even for MERCHANTABILITY or FITNESS FOR A PARTICULAR PURPOSE.

configure:1566: $? = 0
configure:1568: arm-linux-gcc -v </dev/null >&5
Reading specs from /usr/local/arm/3.3.1/lib/gcc-lib/arm-linux/3.3.1/specs
Configured with: ./configure --prefix=/usr/local/arm/3.3.1 --host=i686-linux --build=i686-linux --target=arm-linux --with-cpu=xscale --enable-languages=c,c++ --enable-threads=posix --with-headers=/usr/local/arm/3.3.1/arm-linux/include
Thread model: posix
gcc version 3.3.1
configure:1571: $? = 0
configure:1573: arm-linux-gcc -V </dev/null >&5
arm-linux-gcc: `-V' option must have argument
configure:1576: $? = 1
configure:1596: checking for C compiler default output
configure:1599: arm-linux-gcc    conftest.c  >&5
configure:1602: $? = 0
configure:1631: result: a.out
configure:1636: checking whether the C compiler works
configure:1660: result: yes
configure:1667: checking whether we are cross compiling
configure:1669: result: yes
configure:1672: checking for executable suffix
configure:1674: arm-linux-gcc -o conftest    conftest.c  >&5
configure:1677: $? = 0
configure:1699: result: 
configure:1705: checking for object suffix
configure:1723: arm-linux-gcc -c   conftest.c >&5
configure:1726: $? = 0
configure:1745: result: o
configure:1749: checking whether we are using the GNU C compiler
configure:1770: arm-linux-gcc -c   conftest.c >&5
configure:1773: $? = 0
configure:1776: test -s conftest.o
configure:1779: $? = 0
configure:1791: result: yes
configure:1797: checking whether arm-linux-gcc accepts -g
configure:1815: arm-linux-gcc -c -g  conftest.c >&5
configure:1818: $? = 0
configure:1821: test -s conftest.o
configure:1824: $? = 0
configure:1834: result: yes
configure:1861: arm-linux-gcc -c -g -O2  conftest.c >&5
conftest.c:2: error: parse error before "me"
configure:1864: $? = 1
configure: failed program was:
#ifndef __cplusplus
  choke me
#endif
configure:1964: checking version of gcc
configure:1967: result: arm-linux-gcc (GCC) 3.3.1
configure:2055: checking how to run the C preprocessor
configure:2081: arm-linux-gcc -E  conftest.c
configure:2087: $? = 0
configure:2114: arm-linux-gcc -E  conftest.c
configure:2111:28: ac_nonexistent.h: No such file or directory
configure:2120: $? = 1
configure: failed program was:
#line 2110 "configure"
#include "confdefs.h"
#include <ac_nonexistent.h>
configure:2157: result: arm-linux-gcc -E
configure:2172: arm-linux-gcc -E  conftest.c
configure:2178: $? = 0
configure:2205: arm-linux-gcc -E  conftest.c
configure:2202:28: ac_nonexistent.h: No such file or directory
configure:2211: $? = 1
configure: failed program was:
#line 2201 "configure"
#include "confdefs.h"
#include <ac_nonexistent.h>
configure:2251: checking whether arm-linux-gcc needs -traditional
configure:2286: result: no
configure:2293: checking for POSIXized ISC
configure:2312: result: no
configure:2317: checking for arm-linux-gcc option to accept ANSI C
configure:2394: arm-linux-gcc -c -g -O2   -DCC_HAS_PROTOS conftest.c >&5
configure:2397: $? = 0
configure:2400: test -s conftest.o
configure:2403: $? = 0
configure:2416: result: -DCC_HAS_PROTOS
configure:2500: checking for ldconfig
configure:2517: found /sbin/ldconfig
configure:2528: result: /sbin/ldconfig
configure:2538: checking if you want to ensure bool is consistent with C++
configure:2548: result: yes
configure:2564: checking for arm-linux-g++
configure:2579: found /usr/local/arm/3.3.1/bin/arm-linux-g++
configure:2587: result: arm-linux-g++
configure:2641: checking for C++ compiler version
configure:2644: arm-linux-g++ --version </dev/null >&5
arm-linux-g++ (GCC) 3.3.1
Copyright (C) 2003 Free Software Foundation, Inc.
This is free software; see the source for copying conditions.  There is NO
warranty; not even for MERCHANTABILITY or FITNESS FOR A PARTICULAR PURPOSE.

configure:2647: $? = 0
configure:2649: arm-linux-g++ -v </dev/null >&5
Reading specs from /usr/local/arm/3.3.1/lib/gcc-lib/arm-linux/3.3.1/specs
Configured with: ./configure --prefix=/usr/local/arm/3.3.1 --host=i686-linux --build=i686-linux --target=arm-linux --with-cpu=xscale --enable-languages=c,c++ --enable-threads=posix --with-headers=/usr/local/arm/3.3.1/arm-linux/include
Thread model: posix
gcc version 3.3.1
configure:2652: $? = 0
configure:2654: arm-linux-g++ -V </dev/null >&5
arm-linux-g++: `-V' option must have argument
configure:2657: $? = 1
configure:2660: checking whether we are using the GNU C++ compiler
configure:2681: arm-linux-g++ -c   conftest.cc >&5
configure:2684: $? = 0
configure:2687: test -s conftest.o
configure:2690: $? = 0
configure:2702: result: yes
configure:2708: checking whether arm-linux-g++ accepts -g
configure:2726: arm-linux-g++ -c -g  conftest.cc >&5
configure:2729: $? = 0
configure:2732: test -s conftest.o
configure:2735: $? = 0
configure:2745: result: yes
configure:2785: arm-linux-g++ -c -g -O2  conftest.cc >&5
configure:2788: $? = 0
configure:2791: test -s conftest.o
configure:2794: $? = 0
configure:2816: arm-linux-g++ -c -g -O2  conftest.cc >&5
configure: In function `int main()':
configure:2809: error: `exit' undeclared (first use this function)
configure:2809: error: (Each undeclared identifier is reported only once for 
   each function it appears in.)
configure:2819: $? = 1
configure: failed program was:
#line 2804 "configure"
#include "confdefs.h"

int
main ()
{
exit (42);
  ;
  return 0;
}
configure:2785: arm-linux-g++ -c -g -O2  conftest.cc >&5
configure:2788: $? = 0
configure:2791: test -s conftest.o
configure:2794: $? = 0
configure:2816: arm-linux-g++ -c -g -O2  conftest.cc >&5
configure:2819: $? = 0
configure:2822: test -s conftest.o
configure:2825: $? = 0
configure:2851: checking version of g++
configure:2854: result: arm-linux-g++ (GCC) 3.3.1
configure:2866: checking if you want to build C++ binding and demo
configure:2876: result: yes
configure:2879: checking if you want to build with Ada95
configure:2889: result: no
configure:2892: checking if you want to build programs such as tic
configure:2902: result: no
configure:2905: checking if you wish to install curses.h
configure:2915: result: yes
configure:2941: checking for mawk
configure:2967: result: no
configure:2941: checking for gawk
configure:2956: found /usr/bin/gawk
configure:2964: result: gawk
configure:2974: checking whether make sets ${MAKE}
configure:2994: result: yes
configure:3015: checking for a BSD compatible install
configure:3064: result: /usr/bin/ginstall -c
configure:3085: checking for long file names
configure:3124: result: yes
configure:3134: checking if filesystem supports mixed-case filenames
configure:3150: result: yes
configure:3156: checking whether ln -s works
configure:3160: result: yes
configure:3170: checking for arm-linux-ranlib
configure:3185: found /usr/local/arm/3.3.1/bin/arm-linux-ranlib
configure:3193: result: arm-linux-ranlib
configure:3243: checking for ctags
configure:3258: found /usr/bin/ctags
configure:3267: result: yes
configure:3277: checking for etags
configure:3292: found /usr/bin/etags
configure:3301: result: yes
configure:3328: checking for tdlint
configure:3354: result: no
configure:3328: checking for lint
configure:3354: result: no
configure:3328: checking for alint
configure:3354: result: no
configure:3365: checking for man
configure:3380: found /usr/bin/man
configure:3388: result: man
configure:3402: checking for loader (symbol LD)
configure:3405: result: ld
configure:3417: checking for archiver (symbol AR)
configure:3420: result: ar
configure:3432: checking for archiver options (symbol AR_OPTS)
configure:3435: result: rv
configure:3443: checking for makeflags variable
configure:3476: result: 
configure:3479: checking if you have specified an install-prefix
configure:3492: result: 
configure:3502: checking if you want to build libraries with libtool
configure:3512: result: no
configure:3521: checking if you want to build shared libraries
configure:3531: result: no
configure:3535: checking if you want to build static libraries
configure:3545: result: yes
configure:3549: checking if you want to build debug libraries
configure:3559: result: yes
configure:3563: checking if you want to build profiling libraries
configure:3573: result: no
configure:3579: checking for specified models
configure:3583: result:  normal debug
configure:3588: checking for default model
configure:3591: result: normal
configure:3615: checking if you want to build a separate terminfo library
configure:3625: result: no
configure:3629: checking if you want to link with dbmalloc for testing
configure:3639: result: no
configure:3703: checking if you want to link with dmalloc for testing
configure:3713: result: no
configure:3778: checking if you want to link with the gpm mouse library
configure:3788: result: no
configure:3913: checking for default loader flags
configure:3922: result: 
configure:3925: checking if rpath option should be used
configure:3935: result: no
configure:3945: checking if release/abi version should be used for shared libs
configure:3969: result: auto
configure:3978: checking which arm-linux-gcc option to use
configure:3997: arm-linux-gcc -c -g -O2 -fPIC  conftest.c >&5
configure:4000: $? = 0
configure:4003: test -s conftest.o
configure:4006: $? = 0
configure:4015: result: -fPIC
configure:4245: checking if you wish to install ncurses overwriting curses
configure:4255: result: yes
configure:4258: checking if external terminfo-database is used
configure:4268: result: yes
configure:4290: checking which terminfo source-file will be installed
configure:4298: result: ${top_srcdir}/misc/terminfo.src
configure:4302: checking for list of fallback descriptions
configure:4312: result: 
configure:4322: checking for list of terminfo directories
configure:4369: result: /usr/share/terminfo
configure:4375: checking for default terminfo directory
configure:4412: result: /usr/share/terminfo
configure:4422: checking if big-core option selected
configure:4468: result: no
configure:4475: checking if you want termcap-fallback support
configure:4485: result: no
configure:4602: checking for remove
configure:4639: arm-linux-gcc -o conftest -g -O2   conftest.c  >&5
configure:4642: $? = 0
configure:4645: test -s conftest
configure:4648: $? = 0
configure:4658: result: yes
configure:4602: checking for unlink
configure:4639: arm-linux-gcc -o conftest -g -O2   conftest.c  >&5
configure:4642: $? = 0
configure:4645: test -s conftest
configure:4648: $? = 0
configure:4658: result: yes
configure:4742: checking if link/symlink functions work
configure:4811: result: no
configure:4827: checking if tic should use symbolic links
configure:4834: result: no
configure:4870: checking if you want broken-linker support code
configure:4880: result: 
configure:4905: checking for type of bool
configure:4915: result: auto
configure:4919: checking for type of ospeed
configure:4929: result: short
configure:4933: checking if tputs should process BSD-style prefix padding
configure:4943: result: no
configure:4950: checking if RCS identifiers should be compiled-in
configure:4960: result: no
configure:4968: checking format of man-pages
configure:5016: result: gzip
configure:5019: checking for manpage renaming
configure:5061: result: no
configure:5064: checking for manpage symlinks
configure:5075: result: yes
configure:5078: checking for manpage tbl
configure:5089: result: no
configure:5320: checking if you want to build with function extensions
configure:5330: result: yes
configure:5363: checking for extended use of const keyword
configure:5373: result: no
configure:5380: checking if you want $NCURSES_NO_PADDING code
configure:5390: result: yes
configure:5397: checking if you want SIGWINCH handler
configure:5407: result: yes
configure:5414: checking if you want user-definable terminal capabilities like termcap
configure:5424: result: yes
configure:5432: checking if you want all development code
configure:5442: result: no
configure:5446: checking if you want hard-tabs code
configure:5456: result: no
configure:5462: checking if you want to use restrict environment when running as root
configure:5472: result: yes
configure:5479: checking if you want limited support for xmc
configure:5489: result: no
configure:5498: checking if you do not want to assume colors are white-on-black
configure:5508: result: yes
configure:5515: checking if you want hashmap scrolling-optimization code
configure:5525: result: yes
configure:5532: checking if you want colorfgbg code
configure:5542: result: no
configure:5548: checking if you want experimental safe-sprintf code
configure:5558: result: no
configure:5589: checking if you want experimental wide-character code
configure:5599: result: no
configure:5830: checking for terminal capabilities file
configure:5841: result: Caps
configure:5847: checking if you want to display full commands during build
configure:5863: result: yes
configure:5867: checking if you want to see compiler warnings
configure:5875: result: 
configure:5942: checking for arm-linux-gcc __attribute__ directives...
checking for arm-linux-gcc __attribute__((scanf))
configure:5983: arm-linux-gcc -c -g -O2  conftest.c >&5
configure:5986: $? = 0
checking for arm-linux-gcc __attribute__((printf))
configure:5983: arm-linux-gcc -c -g -O2  conftest.c >&5
configure:5986: $? = 0
checking for arm-linux-gcc __attribute__((unused))
configure:5983: arm-linux-gcc -c -g -O2  conftest.c >&5
configure:5986: $? = 0
checking for arm-linux-gcc __attribute__((noreturn))
configure:5983: arm-linux-gcc -c -g -O2  conftest.c >&5
configure:5986: $? = 0
configure:6002: checking if you want to enable runtime assertions
configure:6012: result: no
configure:6065: checking for gettimeofday
configure:6102: arm-linux-gcc -o conftest -g -O2  -DNDEBUG  conftest.c  >&5
configure:6105: $? = 0
configure:6108: test -s conftest
configure:6111: $? = 0
configure:6121: result: yes
configure:6189: checking if -lm needed for math functions
configure:6211: arm-linux-gcc -o conftest -g -O2  -DNDEBUG  conftest.c  >&5
/tmp/ccok12Pg.o(.text+0x14): In function `main':
/home/sash/zsharedev/1/ncurses-5.3/configure:6204: undefined reference to `sin'
collect2: ld returned 1 exit status
configure:6214: $? = 1
configure: failed program was:
#line 6196 "configure"
#include "confdefs.h"

	#include <stdio.h>
	#include <math.h>

int
main ()
{
double x = rand(); printf("result = %g\n", sin(x))
  ;
  return 0;
}
configure:6230: result: yes
configure:6239: checking if we must define _GNU_SOURCE
configure:6261: arm-linux-gcc -c -g -O2  -DNDEBUG conftest.c >&5
configure: In function `main':
configure:6253: error: `make' undeclared (first use in this function)
configure:6253: error: (Each undeclared identifier is reported only once
configure:6253: error: for each function it appears in.)
configure:6253: error: parse error before "an"
configure:6264: $? = 1
configure: failed program was:
#line 6246 "configure"
#include "confdefs.h"
#include <sys/types.h>
int
main ()
{

#ifndef _XOPEN_SOURCE
make an error
#endif
  ;
  return 0;
}
configure:6294: arm-linux-gcc -c -g -O2  -DNDEBUG -D_GNU_SOURCE conftest.c >&5
configure: In function `main':
configure:6286: error: `make' undeclared (first use in this function)
configure:6286: error: (Each undeclared identifier is reported only once
configure:6286: error: for each function it appears in.)
configure:6286: error: parse error before "an"
configure:6297: $? = 1
configure: failed program was:
#line 6279 "configure"
#include "confdefs.h"
#include <sys/types.h>
int
main ()
{

#ifdef _XOPEN_SOURCE
make an error
#endif
  ;
  return 0;
}
configure:6318: result: yes
configure:6322: checking for ANSI C header files
configure:6336: arm-linux-gcc -E  -DNDEBUG -D_GNU_SOURCE conftest.c
configure:6342: $? = 0
configure:6450: result: yes
configure:6463: checking for dirent.h that defines DIR
configure:6484: arm-linux-gcc -c -g -O2  -DNDEBUG -D_GNU_SOURCE conftest.c >&5
configure:6487: $? = 0
configure:6490: test -s conftest.o
configure:6493: $? = 0
configure:6503: result: yes
configure:6516: checking for opendir in -ldir
configure:6543: arm-linux-gcc -o conftest -g -O2  -DNDEBUG -D_GNU_SOURCE  conftest.c -ldir   >&5
/usr/local/arm/3.3.1/lib/gcc-lib/arm-linux/3.3.1/../../../../arm-linux/bin/ld: cannot find -ldir
collect2: ld returned 1 exit status
configure:6546: $? = 1
configure: failed program was:
#line 6524 "configure"
#include "confdefs.h"

/* Override any gcc2 internal prototype to avoid an error.  */
#ifdef __cplusplus
extern "C"
#endif
/* We use char because int might match the return type of a gcc2
   builtin and then its argument prototype would still apply.  */
char opendir ();
int
main ()
{
opendir ();
  ;
  return 0;
}
configure:6563: result: no
configure:6625: checking whether time.h and sys/time.h may both be included
configure:6647: arm-linux-gcc -c -g -O2  -DNDEBUG -D_GNU_SOURCE conftest.c >&5
configure:6650: $? = 0
configure:6653: test -s conftest.o
configure:6656: $? = 0
configure:6666: result: yes
configure:6676: checking for regular-expression headers
configure:6701: arm-linux-gcc -o conftest -g -O2  -DNDEBUG -D_GNU_SOURCE  conftest.c  >&5
configure:6704: $? = 0
configure:6707: test -s conftest
configure:6710: $? = 0
configure:6792: result: regex.h
configure:6828: checking for fcntl.h
configure:6838: arm-linux-gcc -E  -DNDEBUG -D_GNU_SOURCE conftest.c
configure:6844: $? = 0
configure:6863: result: yes
configure:6828: checking for getopt.h
configure:6838: arm-linux-gcc -E  -DNDEBUG -D_GNU_SOURCE conftest.c
configure:6844: $? = 0
configure:6863: result: yes
configure:6828: checking for libc.h
configure:6838: arm-linux-gcc -E  -DNDEBUG -D_GNU_SOURCE conftest.c
configure:6835:18: libc.h: No such file or directory
configure:6844: $? = 1
configure: failed program was:
#line 6834 "configure"
#include "confdefs.h"
#include <libc.h>
configure:6863: result: no
configure:6828: checking for limits.h
configure:6838: arm-linux-gcc -E  -DNDEBUG -D_GNU_SOURCE conftest.c
configure:6844: $? = 0
configure:6863: result: yes
configure:6828: checking for locale.h
configure:6838: arm-linux-gcc -E  -DNDEBUG -D_GNU_SOURCE conftest.c
configure:6844: $? = 0
configure:6863: result: yes
configure:6828: checking for poll.h
configure:6838: arm-linux-gcc -E  -DNDEBUG -D_GNU_SOURCE conftest.c
configure:6844: $? = 0
configure:6863: result: yes
configure:6828: checking for sys/bsdtypes.h
configure:6838: arm-linux-gcc -E  -DNDEBUG -D_GNU_SOURCE conftest.c
configure:6835:26: sys/bsdtypes.h: No such file or directory
configure:6844: $? = 1
configure: failed program was:
#line 6834 "configure"
#include "confdefs.h"
#include <sys/bsdtypes.h>
configure:6863: result: no
configure:6828: checking for sys/ioctl.h
configure:6838: arm-linux-gcc -E  -DNDEBUG -D_GNU_SOURCE conftest.c
configure:6844: $? = 0
configure:6863: result: yes
configure:6828: checking for sys/param.h
configure:6838: arm-linux-gcc -E  -DNDEBUG -D_GNU_SOURCE conftest.c
configure:6844: $? = 0
configure:6863: result: yes
configure:6828: checking for sys/poll.h
configure:6838: arm-linux-gcc -E  -DNDEBUG -D_GNU_SOURCE conftest.c
configure:6844: $? = 0
configure:6863: result: yes
configure:6828: checking for sys/select.h
configure:6838: arm-linux-gcc -E  -DNDEBUG -D_GNU_SOURCE conftest.c
configure:6844: $? = 0
configure:6863: result: yes
configure:6828: checking for sys/time.h
configure:6838: arm-linux-gcc -E  -DNDEBUG -D_GNU_SOURCE conftest.c
configure:6844: $? = 0
configure:6863: result: yes
configure:6828: checking for sys/times.h
configure:6838: arm-linux-gcc -E  -DNDEBUG -D_GNU_SOURCE conftest.c
configure:6844: $? = 0
configure:6863: result: yes
configure:6828: checking for ttyent.h
configure:6838: arm-linux-gcc -E  -DNDEBUG -D_GNU_SOURCE conftest.c
configure:6844: $? = 0
configure:6863: result: yes
configure:6828: checking for unistd.h
configure:6838: arm-linux-gcc -E  -DNDEBUG -D_GNU_SOURCE conftest.c
configure:6844: $? = 0
configure:6863: result: yes
configure:6982: checking if sys/time.h works with sys/select.h
configure:7009: arm-linux-gcc -c -g -O2  -DNDEBUG -D_GNU_SOURCE conftest.c >&5
configure:7012: $? = 0
configure:7015: test -s conftest.o
configure:7018: $? = 0
configure:7030: result: yes
configure:7043: checking for arm-linux-gcc option to accept ANSI C
configure:7100: arm-linux-gcc  -c -g -O2  -DNDEBUG -D_GNU_SOURCE conftest.c >&5
configure:7103: $? = 0
configure:7106: test -s conftest.o
configure:7109: $? = 0
configure:7126: result: none needed
configure:7134: checking for an ANSI C-conforming const
configure:7198: arm-linux-gcc -c -g -O2  -DNDEBUG -D_GNU_SOURCE conftest.c >&5
configure:7201: $? = 0
configure:7204: test -s conftest.o
configure:7207: $? = 0
configure:7217: result: yes
configure:7227: checking for inline
configure:7244: arm-linux-gcc -c -g -O2  -DNDEBUG -D_GNU_SOURCE conftest.c >&5
configure:7247: $? = 0
configure:7250: test -s conftest.o
configure:7253: $? = 0
configure:7264: result: inline
configure:7283: checking if unsigned literals are legal
configure:7302: arm-linux-gcc -c -g -O2  -DNDEBUG -D_GNU_SOURCE conftest.c >&5
configure:7305: $? = 0
configure:7308: test -s conftest.o
configure:7311: $? = 0
configure:7323: result: yes
configure:7326: checking for type of chtype
configure:7406: result: long
configure:7419: checking if external errno is declared
configure:7444: arm-linux-gcc -c -g -O2  -DNDEBUG -D_GNU_SOURCE conftest.c >&5
configure:7447: $? = 0
configure:7450: test -s conftest.o
configure:7453: $? = 0
configure:7464: result: yes
configure:7479: checking if external errno exists
configure:7501: arm-linux-gcc -o conftest -g -O2  -DNDEBUG -D_GNU_SOURCE  conftest.c  >&5
configure:7504: $? = 0
configure:7507: test -s conftest
configure:7510: $? = 0
configure:7521: result: yes
configure:7534: checking if data-only library module links
configure:7545: arm-linux-gcc -c -g -O2  -DNDEBUG -D_GNU_SOURCE conftest.c >&5
configure:7548: $? = 0
configure:7568: arm-linux-gcc -c -g -O2  -DNDEBUG -D_GNU_SOURCE conftest.c >&5
configure:7571: $? = 0
configure:7618: result: unknown
configure:7655: checking for getcwd
configure:7692: arm-linux-gcc -o conftest -g -O2  -DNDEBUG -D_GNU_SOURCE  conftest.c  >&5
configure:7695: $? = 0
configure:7698: test -s conftest
configure:7701: $? = 0
configure:7711: result: yes
configure:7655: checking for getegid
configure:7692: arm-linux-gcc -o conftest -g -O2  -DNDEBUG -D_GNU_SOURCE  conftest.c  >&5
configure:7695: $? = 0
configure:7698: test -s conftest
configure:7701: $? = 0
configure:7711: result: yes
configure:7655: checking for geteuid
configure:7692: arm-linux-gcc -o conftest -g -O2  -DNDEBUG -D_GNU_SOURCE  conftest.c  >&5
configure:7695: $? = 0
configure:7698: test -s conftest
configure:7701: $? = 0
configure:7711: result: yes
configure:7655: checking for getttynam
configure:7692: arm-linux-gcc -o conftest -g -O2  -DNDEBUG -D_GNU_SOURCE  conftest.c  >&5
configure:7695: $? = 0
configure:7698: test -s conftest
configure:7701: $? = 0
configure:7711: result: yes
configure:7655: checking for issetugid
configure:7692: arm-linux-gcc -o conftest -g -O2  -DNDEBUG -D_GNU_SOURCE  conftest.c  >&5
/tmp/ccoMF6fq.o(.text+0x14): In function `main':
/home/sash/zsharedev/1/ncurses-5.3/configure:7683: undefined reference to `issetugid'
collect2: ld returned 1 exit status
configure:7695: $? = 1
configure: failed program was:
#line 7661 "configure"
#include "confdefs.h"
/* System header to define __stub macros and hopefully few prototypes,
    which can conflict with char issetugid (); below.  */
#include <assert.h>
/* Override any gcc2 internal prototype to avoid an error.  */
#ifdef __cplusplus
extern "C"
#endif
/* We use char because int might match the return type of a gcc2
   builtin and then its argument prototype would still apply.  */
char issetugid ();
char (*f) ();

int
main ()
{
/* The GNU C library defines this for functions which it implements
    to always fail with ENOSYS.  Some functions are actually named
    something starting with __ and the normal name is an alias.  */
#if defined (__stub_issetugid) || defined (__stub___issetugid)
choke me
#else
f = issetugid;
#endif

  ;
  return 0;
}
configure:7711: result: no
configure:7655: checking for memccpy
configure:7692: arm-linux-gcc -o conftest -g -O2  -DNDEBUG -D_GNU_SOURCE  conftest.c  >&5
configure:7695: $? = 0
configure:7698: test -s conftest
configure:7701: $? = 0
configure:7711: result: yes
configure:7655: checking for nanosleep
configure:7692: arm-linux-gcc -o conftest -g -O2  -DNDEBUG -D_GNU_SOURCE  conftest.c  >&5
configure:7695: $? = 0
configure:7698: test -s conftest
configure:7701: $? = 0
configure:7711: result: yes
configure:7655: checking for poll
configure:7692: arm-linux-gcc -o conftest -g -O2  -DNDEBUG -D_GNU_SOURCE  conftest.c  >&5
configure:7695: $? = 0
configure:7698: test -s conftest
configure:7701: $? = 0
configure:7711: result: yes
configure:7655: checking for remove
configure:7711: result: yes
configure:7655: checking for select
configure:7692: arm-linux-gcc -o conftest -g -O2  -DNDEBUG -D_GNU_SOURCE  conftest.c  >&5
configure:7695: $? = 0
configure:7698: test -s conftest
configure:7701: $? = 0
configure:7711: result: yes
configure:7655: checking for setbuf
configure:7692: arm-linux-gcc -o conftest -g -O2  -DNDEBUG -D_GNU_SOURCE  conftest.c  >&5
configure:7695: $? = 0
configure:7698: test -s conftest
configure:7701: $? = 0
configure:7711: result: yes
configure:7655: checking for setbuffer
configure:7692: arm-linux-gcc -o conftest -g -O2  -DNDEBUG -D_GNU_SOURCE  conftest.c  >&5
configure:7695: $? = 0
configure:7698: test -s conftest
configure:7701: $? = 0
configure:7711: result: yes
configure:7655: checking for setvbuf
configure:7692: arm-linux-gcc -o conftest -g -O2  -DNDEBUG -D_GNU_SOURCE  conftest.c  >&5
configure:7695: $? = 0
configure:7698: test -s conftest
configure:7701: $? = 0
configure:7711: result: yes
configure:7655: checking for sigaction
configure:7692: arm-linux-gcc -o conftest -g -O2  -DNDEBUG -D_GNU_SOURCE  conftest.c  >&5
configure:7695: $? = 0
configure:7698: test -s conftest
configure:7701: $? = 0
configure:7711: result: yes
configure:7655: checking for sigvec
configure:7692: arm-linux-gcc -o conftest -g -O2  -DNDEBUG -D_GNU_SOURCE  conftest.c  >&5
configure:7695: $? = 0
configure:7698: test -s conftest
configure:7701: $? = 0
configure:7711: result: yes
configure:7655: checking for strdup
configure:7692: arm-linux-gcc -o conftest -g -O2  -DNDEBUG -D_GNU_SOURCE  conftest.c  >&5
configure:7695: $? = 0
configure:7698: test -s conftest
configure:7701: $? = 0
configure:7711: result: yes
configure:7655: checking for strstr
configure:7692: arm-linux-gcc -o conftest -g -O2  -DNDEBUG -D_GNU_SOURCE  conftest.c  >&5
configure:7671: warning: conflicting types for built-in function `strstr'
configure:7695: $? = 0
configure:7698: test -s conftest
configure:7701: $? = 0
configure:7711: result: yes
configure:7655: checking for tcgetpgrp
configure:7692: arm-linux-gcc -o conftest -g -O2  -DNDEBUG -D_GNU_SOURCE  conftest.c  >&5
configure:7695: $? = 0
configure:7698: test -s conftest
configure:7701: $? = 0
configure:7711: result: yes
configure:7655: checking for times
configure:7692: arm-linux-gcc -o conftest -g -O2  -DNDEBUG -D_GNU_SOURCE  conftest.c  >&5
configure:7695: $? = 0
configure:7698: test -s conftest
configure:7701: $? = 0
configure:7711: result: yes
configure:7655: checking for vsnprintf
configure:7692: arm-linux-gcc -o conftest -g -O2  -DNDEBUG -D_GNU_SOURCE  conftest.c  >&5
configure:7671: warning: conflicting types for built-in function `vsnprintf'
configure:7695: $? = 0
configure:7698: test -s conftest
configure:7701: $? = 0
configure:7711: result: yes
configure:7779: checking for isascii
configure:7798: arm-linux-gcc -o conftest -g -O2  -DNDEBUG -D_GNU_SOURCE  conftest.c  >&5
configure:7801: $? = 0
configure:7804: test -s conftest
configure:7807: $? = 0
configure:7818: result: yes
configure:7825: checking whether sigaction needs _POSIX_SOURCE
configure:7842: arm-linux-gcc -c -g -O2  -DNDEBUG -D_GNU_SOURCE conftest.c >&5
configure:7845: $? = 0
configure:7848: test -s conftest.o
configure:7851: $? = 0
configure:7898: result: no
configure:7909: checking for termio.h
configure:7919: arm-linux-gcc -E  -DNDEBUG -D_GNU_SOURCE conftest.c
configure:7925: $? = 0
configure:7944: result: yes
configure:7909: checking for termios.h
configure:7919: arm-linux-gcc -E  -DNDEBUG -D_GNU_SOURCE conftest.c
configure:7925: $? = 0
configure:7944: result: yes
configure:7909: checking for unistd.h
configure:7944: result: yes
configure:8012: checking whether termios.h needs _POSIX_SOURCE
configure:8027: arm-linux-gcc -c -g -O2  -DNDEBUG -D_GNU_SOURCE conftest.c >&5
configure:8030: $? = 0
configure:8033: test -s conftest.o
configure:8036: $? = 0
configure:8082: result: no
configure:8087: checking for tcgetattr
configure:8122: arm-linux-gcc -o conftest -g -O2  -DNDEBUG -D_GNU_SOURCE  conftest.c  >&5
configure:8125: $? = 0
configure:8128: test -s conftest
configure:8131: $? = 0
configure:8141: result: yes
configure:8147: checking for vsscanf function or workaround
configure:8170: arm-linux-gcc -o conftest -g -O2  -DNDEBUG -D_GNU_SOURCE  conftest.c  >&5
configure:8173: $? = 0
configure:8176: test -s conftest
configure:8179: $? = 0
configure:8272: result: vsscanf
configure:8290: checking for working mkstemp
configure:8298: checking for mkstemp
configure:8335: arm-linux-gcc -o conftest -g -O2  -DNDEBUG -D_GNU_SOURCE  conftest.c  >&5
configure:8338: $? = 0
configure:8341: test -s conftest
configure:8344: $? = 0
configure:8354: result: yes
configure:8420: result: 
configure:8437: WARNING: cross compiling: assume setvbuf params not reversed
configure:8500: checking return type of signal handlers
configure:8528: arm-linux-gcc -c -g -O2  -DNDEBUG -D_GNU_SOURCE conftest.c >&5
configure:8531: $? = 0
configure:8534: test -s conftest.o
configure:8537: $? = 0
configure:8547: result: void
configure:8554: checking for type sigaction_t
configure:8574: arm-linux-gcc -c -g -O2  -DNDEBUG -D_GNU_SOURCE conftest.c >&5
configure: In function `main':
configure:8567: error: `sigaction_t' undeclared (first use in this function)
configure:8567: error: (Each undeclared identifier is reported only once
configure:8567: error: for each function it appears in.)
configure:8567: error: parse error before "x"
configure:8577: $? = 1
configure: failed program was:
#line 8561 "configure"
#include "confdefs.h"

#include <signal.h>
int
main ()
{
sigaction_t x
  ;
  return 0;
}
configure:8594: result: no
configure:8600: checking declaration of size-change
configure:8659: arm-linux-gcc -c -g -O2  -DNDEBUG -D_GNU_SOURCE conftest.c >&5
configure:8662: $? = 0
configure:8665: test -s conftest.o
configure:8668: $? = 0
size-change succeeded ()
configure:8687: result: yes
configure:8704: checking for memmove
configure:8741: arm-linux-gcc -o conftest -g -O2  -DNDEBUG -D_GNU_SOURCE  conftest.c  >&5
configure:8744: $? = 0
configure:8747: test -s conftest
configure:8750: $? = 0
configure:8760: result: yes
configure:8892: checking if poll really works
configure:8943: result: unknown
configure:8954: checking for stdbool.h
configure:8964: arm-linux-gcc -E  -DNDEBUG -D_GNU_SOURCE conftest.c
configure:8970: $? = 0
configure:8989: result: yes
configure:8997: checking for builtin bool type
configure:9019: arm-linux-gcc -c -O2  -DNDEBUG -D_GNU_SOURCE conftest.c >&5
configure: In function `main':
configure:9012: error: `bool' undeclared (first use in this function)
configure:9012: error: (Each undeclared identifier is reported only once
configure:9012: error: for each function it appears in.)
configure:9012: error: parse error before "x"
configure:9022: $? = 1
configure: failed program was:
#line 9004 "configure"
#include "confdefs.h"

#include <stdio.h>
#include <sys/types.h>

int
main ()
{
bool x = false
  ;
  return 0;
}
configure:9043: result: no
configure:9063: checking for library stdc++
configure:9088: arm-linux-g++ -o conftest -O2  -DNDEBUG -D_GNU_SOURCE  conftest.cc  -lstdc++ >&5
configure:9074:23: strstream.h: No such file or directory
configure: In function `int main()':
configure:9080: error: `strstreambuf' undeclared (first use this function)
configure:9080: error: (Each undeclared identifier is reported only once for 
   each function it appears in.)
configure:9080: error: parse error before `(' token
configure:9091: $? = 1
configure: failed program was:
#line 9072 "configure"
#include "confdefs.h"

#include <strstream.h>
int
main ()
{

char buf[80];
strstreambuf foo(buf, sizeof(buf))

  ;
  return 0;
}
configure:9109: result: no
configure:9232: checking how to run the C++ preprocessor
configure:9254: arm-linux-g++ -E  -DNDEBUG -D_GNU_SOURCE conftest.cc
configure:9260: $? = 0
configure:9287: arm-linux-g++ -E  -DNDEBUG -D_GNU_SOURCE conftest.cc
configure:9284:28: ac_nonexistent.h: No such file or directory
configure:9293: $? = 1
configure: failed program was:
#line 9283 "configure"
#include "confdefs.h"
#include <ac_nonexistent.h>
configure:9330: result: arm-linux-g++ -E
configure:9345: arm-linux-g++ -E  -DNDEBUG -D_GNU_SOURCE conftest.cc
configure:9351: $? = 0
configure:9378: arm-linux-g++ -E  -DNDEBUG -D_GNU_SOURCE conftest.cc
configure:9375:28: ac_nonexistent.h: No such file or directory
configure:9384: $? = 1
configure: failed program was:
#line 9374 "configure"
#include "confdefs.h"
#include <ac_nonexistent.h>
configure:9426: checking for typeinfo
configure:9436: arm-linux-g++ -E  -DNDEBUG -D_GNU_SOURCE conftest.cc
configure:9442: $? = 0
configure:9461: result: yes
configure:9471: checking for stdbool.h
configure:9506: result: yes
configure:9514: checking for builtin bool type
configure:9536: arm-linux-g++ -c -O2  -DNDEBUG -D_GNU_SOURCE conftest.cc >&5
configure:9539: $? = 0
configure:9542: test -s conftest.o
configure:9545: $? = 0
configure:9558: result: yes
configure:9564: checking for size of bool
configure:9643: result: unknown
configure:9649: WARNING: Assuming unsigned for type of bool
configure:9654: checking for special defines needed for etip.h
configure:9680: arm-linux-g++ -c -O2 -I./c++ -I./menu  -DNDEBUG -D_GNU_SOURCE conftest.cc >&5
In file included from configure:9668:
c++/etip.h.in:120:25: ncurses_dll.h: No such file or directory
In file included from configure:9668:
c++/etip.h.in:140: error: aggregate `NCURSES_IMPEXP NCursesPanel' has 
   incomplete type and cannot be defined
c++/etip.h.in:141: error: aggregate `NCURSES_IMPEXP NCursesMenu' has incomplete 
   type and cannot be defined
c++/etip.h.in:142: error: aggregate `NCURSES_IMPEXP NCursesForm' has incomplete 
   type and cannot be defined
c++/etip.h.in:145: error: syntax error before `{' token
c++/etip.h.in:151: error: ISO C++ forbids declaration of `NCursesException' 
   with no type
c++/etip.h.in: In function `int NCursesException(const char*, int)':
c++/etip.h.in:151: error: only constructors take base initializers
c++/etip.h.in:152: confused by earlier errors, bailing out
configure:9683: $? = 1
configure: failed program was:
#line 9666 "configure"
#include "confdefs.h"

#include <etip.h.in>

int
main ()
{

  ;
  return 0;
}
configure:9680: arm-linux-g++ -c -O2 -I./c++ -I./menu -DETIP_NEEDS_MATH_EXCEPTION  -DNDEBUG -D_GNU_SOURCE conftest.cc >&5
In file included from configure:9668:
c++/etip.h.in:120:25: ncurses_dll.h: No such file or directory
In file included from configure:9668:
c++/etip.h.in:140: error: aggregate `NCURSES_IMPEXP NCursesPanel' has 
   incomplete type and cannot be defined
c++/etip.h.in:141: error: aggregate `NCURSES_IMPEXP NCursesMenu' has incomplete 
   type and cannot be defined
c++/etip.h.in:142: error: aggregate `NCURSES_IMPEXP NCursesForm' has incomplete 
   type and cannot be defined
c++/etip.h.in:145: error: syntax error before `{' token
c++/etip.h.in:151: error: ISO C++ forbids declaration of `NCursesException' 
   with no type
c++/etip.h.in: In function `int NCursesException(const char*, int)':
c++/etip.h.in:151: error: only constructors take base initializers
c++/etip.h.in:152: confused by earlier errors, bailing out
configure:9683: $? = 1
configure: failed program was:
#line 9666 "configure"
#include "confdefs.h"

#include <etip.h.in>

int
main ()
{

  ;
  return 0;
}
configure:9680: arm-linux-g++ -c -O2 -I./c++ -I./menu -DETIP_NEEDS_MATH_H  -DNDEBUG -D_GNU_SOURCE conftest.cc >&5
In file included from configure:9668:
c++/etip.h.in:120:25: ncurses_dll.h: No such file or directory
In file included from configure:9668:
c++/etip.h.in:140: error: aggregate `NCURSES_IMPEXP NCursesPanel' has 
   incomplete type and cannot be defined
c++/etip.h.in:141: error: aggregate `NCURSES_IMPEXP NCursesMenu' has incomplete 
   type and cannot be defined
c++/etip.h.in:142: error: aggregate `NCURSES_IMPEXP NCursesForm' has incomplete 
   type and cannot be defined
c++/etip.h.in:145: error: syntax error before `{' token
c++/etip.h.in:151: error: ISO C++ forbids declaration of `NCursesException' 
   with no type
c++/etip.h.in: In function `int NCursesException(const char*, int)':
c++/etip.h.in:151: error: only constructors take base initializers
c++/etip.h.in:152: confused by earlier errors, bailing out
configure:9683: $? = 1
configure: failed program was:
#line 9666 "configure"
#include "confdefs.h"

#include <etip.h.in>

int
main ()
{

  ;
  return 0;
}
configure:9680: arm-linux-g++ -c -O2 -I./c++ -I./menu -DETIP_NEEDS_MATH_H -DETIP_NEEDS_MATH_EXCEPTION  -DNDEBUG -D_GNU_SOURCE conftest.cc >&5
In file included from configure:9668:
c++/etip.h.in:120:25: ncurses_dll.h: No such file or directory
In file included from configure:9668:
c++/etip.h.in:140: error: aggregate `NCURSES_IMPEXP NCursesPanel' has 
   incomplete type and cannot be defined
c++/etip.h.in:141: error: aggregate `NCURSES_IMPEXP NCursesMenu' has incomplete 
   type and cannot be defined
c++/etip.h.in:142: error: aggregate `NCURSES_IMPEXP NCursesForm' has incomplete 
   type and cannot be defined
c++/etip.h.in:145: error: syntax error before `{' token
c++/etip.h.in:151: error: ISO C++ forbids declaration of `NCursesException' 
   with no type
c++/etip.h.in: In function `int NCursesException(const char*, int)':
c++/etip.h.in:151: error: only constructors take base initializers
c++/etip.h.in:152: confused by earlier errors, bailing out
configure:9683: $? = 1
configure: failed program was:
#line 9666 "configure"
#include "confdefs.h"

#include <etip.h.in>

int
main ()
{

  ;
  return 0;
}
configure:9710: result: none
configure:9715: checking if arm-linux-g++ accepts parameter initialization
configure:9776: result: unknown
configure:9794: checking for strstream.h
configure:9804: arm-linux-g++ -E  -DNDEBUG -D_GNU_SOURCE conftest.cc
configure:9801:23: strstream.h: No such file or directory
configure:9810: $? = 1
configure: failed program was:
#line 9800 "configure"
#include "confdefs.h"
#include <strstream.h>
configure:9829: result: no
configure:9839: checking if arm-linux-g++ supports vscan function
configure:9898: arm-linux-g++ -o conftest -O2  -DNDEBUG -D_GNU_SOURCE  conftest.cc  >&5
configure: In function `int scanw(const char*, ...)':
configure:9874: error: `strstreambuf' undeclared (first use this function)
configure:9874: error: (Each undeclared identifier is reported only once for 
   each function it appears in.)
configure:9874: error: parse error before `(' token
configure:9875: error: `ss' undeclared (first use this function)
configure:9901: $? = 1
configure: failed program was:
#line 9853 "configure"
#include "confdefs.h"

#include <stdio.h>
#include <stdarg.h>
#define USE_STRSTREAM_VSCAN 1
#if defined(USE_STDIO_VSCAN)
#elif defined(HAVE_STRSTREAM_H) && defined(USE_STRSTREAM_VSCAN)
#include <strstream.h>
#endif

int scanw(const char* fmt, ...)
{
    int result = -1;
    char buf[BUFSIZ];

    va_list args;
    va_start(args, fmt);
#if defined(USE_STDIO_VSCAN)
    if (::vsscanf(buf, fmt, args) != -1)
	result = 0;
#elif defined(USE_STRSTREAM_VSCAN)
    strstreambuf ss(buf, sizeof(buf));
    if (ss.vscan(fmt, args) != -1)
	result = 0;
#elif defined(USE_STRSTREAM_VSCAN_CAST)
    strstreambuf ss(buf, sizeof(buf));
    if (ss.vscan(fmt, (_IO_va_list)args) != -1)
	result = 0;
#else
#error case strstream failed
#endif
    va_end(args);
    return result;
}

int
main ()
{
int tmp, foo = scanw("%d", &tmp)
  ;
  return 0;
}
configure:9898: arm-linux-g++ -o conftest -O2  -DNDEBUG -D_GNU_SOURCE  conftest.cc  >&5
configure: In function `int scanw(const char*, ...)':
configure:9878: error: `strstreambuf' undeclared (first use this function)
configure:9878: error: (Each undeclared identifier is reported only once for 
   each function it appears in.)
configure:9878: error: parse error before `(' token
configure:9879: error: `ss' undeclared (first use this function)
configure:9901: $? = 1
configure: failed program was:
#line 9853 "configure"
#include "confdefs.h"

#include <stdio.h>
#include <stdarg.h>
#define USE_STRSTREAM_VSCAN_CAST 1
#if defined(USE_STDIO_VSCAN)
#elif defined(HAVE_STRSTREAM_H) && defined(USE_STRSTREAM_VSCAN)
#include <strstream.h>
#endif

int scanw(const char* fmt, ...)
{
    int result = -1;
    char buf[BUFSIZ];

    va_list args;
    va_start(args, fmt);
#if defined(USE_STDIO_VSCAN)
    if (::vsscanf(buf, fmt, args) != -1)
	result = 0;
#elif defined(USE_STRSTREAM_VSCAN)
    strstreambuf ss(buf, sizeof(buf));
    if (ss.vscan(fmt, args) != -1)
	result = 0;
#elif defined(USE_STRSTREAM_VSCAN_CAST)
    strstreambuf ss(buf, sizeof(buf));
    if (ss.vscan(fmt, (_IO_va_list)args) != -1)
	result = 0;
#else
#error case strstream_cast failed
#endif
    va_end(args);
    return result;
}

int
main ()
{
int tmp, foo = scanw("%d", &tmp)
  ;
  return 0;
}
configure:9898: arm-linux-g++ -o conftest -O2  -DNDEBUG -D_GNU_SOURCE  conftest.cc  >&5
configure:9901: $? = 0
configure:9904: test -s conftest
configure:9907: $? = 0
configure:9920: result: stdio
configure:10336: checking for library subsets
configure:10346: result: termlib+base+ext_funcs
configure:10393: checking default library suffix
configure:10404: result: 
configure:10407: checking default library-dependency suffix
configure:10431: result: .a
configure:10434: checking default object directory
configure:10450: result: objects
configure:10454: checking c++ library-dependency suffix
configure:10475: result: .a
configure:10481: checking where we will install curses.h
configure:10486: result: ${prefix}/include
configure:10515: checking for src modules
configure:10575: result: ncurses panel menu form
configure:10728: creating ./config.status

## ----------------------- ##
## Running config.status.  ##
## ----------------------- ##

This file was extended by config.status 2.52.20011227, executed with
  CONFIG_FILES    = 
  CONFIG_HEADERS  = 
  CONFIG_LINKS    = 
  CONFIG_COMMANDS = 
  > ./config.status 
on sash

config.status:11329: creating include/MKterm.h.awk
config.status:11329: creating include/curses.head
config.status:11329: creating include/termcap.h
config.status:11329: creating include/unctrl.h
config.status:11329: creating misc/run_tic.sh
config.status:11329: creating man/Makefile
config.status:11329: creating include/Makefile
config.status:11329: creating ncurses/Makefile
config.status:11329: creating panel/Makefile
config.status:11329: creating menu/Makefile
config.status:11329: creating form/Makefile
config.status:11329: creating test/Makefile
config.status:11329: creating misc/Makefile
config.status:11329: creating c++/Makefile
config.status:11329: creating Makefile
config.status:11426: creating include/ncurses_cfg.h
config.status:11508: include/ncurses_cfg.h is unchanged

## ----------------- ##
## Cache variables.  ##
## ----------------- ##

ac_cv_build=i686-pc-linux-gnu
ac_cv_build_alias=i686-linux
ac_cv_c_compiler_gnu=yes
ac_cv_c_const=yes
ac_cv_c_inline=inline
ac_cv_cxx_compiler_gnu=yes
ac_cv_env_CC_set=
ac_cv_env_CC_value=
ac_cv_env_CFLAGS_set=
ac_cv_env_CFLAGS_value=
ac_cv_env_CPPFLAGS_set=
ac_cv_env_CPPFLAGS_value=
ac_cv_env_CPP_set=
ac_cv_env_CPP_value=
ac_cv_env_CXXCPP_set=
ac_cv_env_CXXCPP_value=
ac_cv_env_CXXFLAGS_set=
ac_cv_env_CXXFLAGS_value=
ac_cv_env_CXX_set=
ac_cv_env_CXX_value=
ac_cv_env_LDFLAGS_set=
ac_cv_env_LDFLAGS_value=
ac_cv_env_build_alias_set=set
ac_cv_env_build_alias_value=i686-linux
ac_cv_env_host_alias_set=set
ac_cv_env_host_alias_value=arm-linux
ac_cv_env_target_alias_set=set
ac_cv_env_target_alias_value=arm-linux
ac_cv_func_getcwd=yes
ac_cv_func_getegid=yes
ac_cv_func_geteuid=yes
ac_cv_func_gettimeofday=yes
ac_cv_func_getttynam=yes
ac_cv_func_issetugid=no
ac_cv_func_link=error
ac_cv_func_memccpy=yes
ac_cv_func_memmove=yes
ac_cv_func_mkstemp=yes
ac_cv_func_nanosleep=yes
ac_cv_func_poll=yes
ac_cv_func_remove=yes
ac_cv_func_select=yes
ac_cv_func_setbuf=yes
ac_cv_func_setbuffer=yes
ac_cv_func_setvbuf=yes
ac_cv_func_sigaction=yes
ac_cv_func_sigvec=yes
ac_cv_func_strdup=yes
ac_cv_func_strstr=yes
ac_cv_func_symlink=error
ac_cv_func_tcgetpgrp=yes
ac_cv_func_times=yes
ac_cv_func_unlink=yes
ac_cv_func_vsnprintf=yes
ac_cv_header_dirent_dirent_h=yes
ac_cv_header_fcntl_h=yes
ac_cv_header_getopt_h=yes
ac_cv_header_libc_h=no
ac_cv_header_limits_h=yes
ac_cv_header_locale_h=yes
ac_cv_header_poll_h=yes
ac_cv_header_stdbool_h=yes
ac_cv_header_stdc=yes
ac_cv_header_strstream_h=no
ac_cv_header_sys_bsdtypes_h=no
ac_cv_header_sys_ioctl_h=yes
ac_cv_header_sys_param_h=yes
ac_cv_header_sys_poll_h=yes
ac_cv_header_sys_select_h=yes
ac_cv_header_sys_time_h=yes
ac_cv_header_sys_times_h=yes
ac_cv_header_termio_h=yes
ac_cv_header_termios_h=yes
ac_cv_header_time=yes
ac_cv_header_ttyent_h=yes
ac_cv_header_typeinfo=yes
ac_cv_header_unistd_h=yes
ac_cv_host=arm-unknown-linux-gnu
ac_cv_host_alias=arm-linux
ac_cv_lib_dir_opendir=no
ac_cv_objext=o
ac_cv_path_LDCONFIG=/sbin/ldconfig
ac_cv_path_install='/usr/bin/ginstall -c'
ac_cv_prog_AWK=gawk
ac_cv_prog_CC=arm-linux-gcc
ac_cv_prog_CPP='arm-linux-gcc -E'
ac_cv_prog_CXX=arm-linux-g++
ac_cv_prog_CXXCPP='arm-linux-g++ -E'
ac_cv_prog_MAKE_LOWER_TAGS=yes
ac_cv_prog_MAKE_UPPER_TAGS=yes
ac_cv_prog_MAN=man
ac_cv_prog_RANLIB=arm-linux-ranlib
ac_cv_prog_cc_g=yes
ac_cv_prog_cc_stdc=
ac_cv_prog_cxx_g=yes
ac_cv_prog_gcc_traditional=no
ac_cv_prog_make_make_set=yes
ac_cv_sys_long_file_names=yes
ac_cv_target=arm-unknown-linux-gnu
ac_cv_target_alias=arm-linux
ac_cv_type_signal=void
cf_cv_1UL=1UL
cf_cv_abi_version=5
cf_cv_ansi_cc=-DCC_HAS_PROTOS
cf_cv_builtin_bool=1
cf_cv_cc_bool_type=0
cf_cv_cpp_param_init=unknown
cf_cv_cpp_vscan_func=stdio
cf_cv_dcl_errno=yes
cf_cv_do_symlinks=yes
cf_cv_func_vsscanf=vsscanf
cf_cv_gnu_source=yes
cf_cv_have_errno=yes
cf_cv_have_isascii=yes
cf_cv_have_tcgetattr=yes
cf_cv_header_stdbool_h=1
cf_cv_ld_rpath=no
cf_cv_libstdcpp=no
cf_cv_link_dataonly=unknown
cf_cv_link_funcs=no
cf_cv_makeflags=
cf_cv_mixedcase=yes
cf_cv_need_libm=yes
cf_cv_regex=regex.h
cf_cv_rel_version=5.3
cf_cv_rm_so_locs=no
cf_cv_shlib_version=rel
cf_cv_shlib_version_infix=no
cf_cv_sizechange=yes
cf_cv_src_modules='ncurses panel menu form'
cf_cv_subst_AR=ar
cf_cv_subst_AR_OPTS=rv
cf_cv_subst_LD=ld
cf_cv_sys_time_select=yes
cf_cv_system_name=linux-gnu
cf_cv_timestamp='Sun Sep  7 23:24:59 UTC 2003'
cf_cv_type_of_bool=unsigned
cf_cv_type_sigaction=no
cf_cv_typeof_chtype=long
cf_cv_unsigned_literals=yes
cf_cv_working_poll=unknown

## ------------ ##
## confdefs.h.  ##
## ------------ ##

#define SYSTEM_NAME "linux-gnu"
#define CC_HAS_PROTOS 1
#ifdef __cplusplus
#include <stdlib.h>
#endif
#define HAVE_LONG_FILE_NAMES 1
#define MIXEDCASE_FILENAMES 1
#define USE_DATABASE 1
#define TERMINFO_DIRS "/usr/share/terminfo"
#define TERMINFO "/usr/share/terminfo"
#define PURE_TERMINFO 1
#define HAVE_REMOVE 1
#define HAVE_UNLINK 1
#define HAVE_CURSES_VERSION 1
#define HAVE_HAS_KEY 1
#define HAVE_RESIZETERM 1
#define HAVE_USE_DEFAULT_COLORS 1
#define HAVE_WRESIZE 1
#define NCURSES_EXT_FUNCS 1
#define NCURSES_NO_PADDING 1
#define USE_SIGWINCH 1
#define USE_ROOT_ENVIRON 1
#define USE_ASSUMED_COLOR 1
#define USE_HASHMAP 1
#define GCC_SCANF 1
#define GCC_PRINTF 1
#define GCC_UNUSED __attribute__((unused))
#define GCC_NORETURN __attribute__((noreturn))
#define NDEBUG 1
#define HAVE_NC_ALLOC_H 1
#define HAVE_GETTIMEOFDAY 1
#define STDC_HEADERS 1
#define HAVE_DIRENT_H 1
#define TIME_WITH_SYS_TIME 1
#define HAVE_REGEX_H_FUNCS 1
#define HAVE_FCNTL_H 1
#define HAVE_GETOPT_H 1
#define HAVE_LIMITS_H 1
#define HAVE_LOCALE_H 1
#define HAVE_POLL_H 1
#define HAVE_SYS_IOCTL_H 1
#define HAVE_SYS_PARAM_H 1
#define HAVE_SYS_POLL_H 1
#define HAVE_SYS_SELECT_H 1
#define HAVE_SYS_TIME_H 1
#define HAVE_SYS_TIMES_H 1
#define HAVE_TTYENT_H 1
#define HAVE_UNISTD_H 1
#define HAVE_SYS_TIME_SELECT 1
#define CC_HAS_INLINE_FUNCS 1
#define TYPEOF_CHTYPE long
#define HAVE_ERRNO 1
#define HAVE_GETCWD 1
#define HAVE_GETEGID 1
#define HAVE_GETEUID 1
#define HAVE_GETTTYNAM 1
#define HAVE_MEMCCPY 1
#define HAVE_NANOSLEEP 1
#define HAVE_POLL 1
#define HAVE_REMOVE 1
#define HAVE_SELECT 1
#define HAVE_SETBUF 1
#define HAVE_SETBUFFER 1
#define HAVE_SETVBUF 1
#define HAVE_SIGACTION 1
#define HAVE_SIGVEC 1
#define HAVE_STRDUP 1
#define HAVE_STRSTR 1
#define HAVE_TCGETPGRP 1
#define HAVE_TIMES 1
#define HAVE_VSNPRINTF 1
#define HAVE_ISASCII 1
#define HAVE_TERMIO_H 1
#define HAVE_TERMIOS_H 1
#define HAVE_UNISTD_H 1
#define HAVE_TCGETATTR 1
#define HAVE_VSSCANF 1
#define RETSIGTYPE void
#define HAVE_SIZECHANGE 1
#define HAVE_TYPEINFO 1
#define CPP_HAS_VSCAN_FUNC 1
#define USE_STDIO_VSCAN 1
#define HAVE_PANEL_H 1
#define HAVE_LIBPANEL 1
#define HAVE_MENU_H 1
#define HAVE_LIBMENU 1
#define HAVE_FORM_H 1
#define HAVE_LIBFORM 1
#define NCURSES_PATHSEP ':'


configure: exit 0
