This file contains any messages produced by compilers while
running configure, to aid debugging if configure makes a mistake.

configure:691: checking for a BSD compatible install
configure:744: checking whether build environment is sane
configure:801: checking whether make sets ${MAKE}
configure:847: checking for working aclocal
configure:860: checking for working autoconf
configure:873: checking for working automake
configure:886: checking for working autoheader
configure:899: checking for working makeinfo
configure:925: checking host system type
configure:950: checking for gcc
configure:1063: checking whether the C compiler (gcc  ) works
configure:1079: gcc -o conftest    conftest.c  1>&5
configure:1105: checking whether the C compiler (gcc  ) is a cross-compiler
configure:1110: checking whether we are using GNU C
configure:1138: checking whether gcc accepts -g
configure:1241: checking build system type
configure:1261: checking for ranlib
configure:1300: checking for ld used by GCC
configure:1362: checking if the linker (/usr/i386-slackware-linux/bin/ld) is GNU ld
configure:1378: checking for BSD-compatible nm
configure:1414: checking whether ln -s works
ltconfig:603: checking for object suffix
ltconfig:604: gcc -c -g -O2  conftest.c 1>&5
ltconfig:776: checking if gcc PIC flag -fPIC works
ltconfig:777: gcc -c -g -O2 -fPIC -DPIC  conftest.c 1>&5
ltconfig:829: checking if gcc supports -c -o file.o
ltconfig:830: gcc -c -g -O2 -o out/conftest2.o  conftest.c 1>&5
ltconfig:862: checking if gcc supports -c -o file.lo
ltconfig:863: gcc -c -g -O2 -c -o conftest.lo  conftest.c 1>&5
ltconfig:914: checking if gcc supports -fno-rtti -fno-exceptions
ltconfig:915: gcc -c -g -O2 -fno-rtti -fno-exceptions -c conftest.c  conftest.c 1>&5
ltconfig:958: checking if gcc static flag -static works
ltconfig:959: gcc -o conftest -g -O2   -static conftest.c  1>&5
GNU ld version 2.13.90.0.18 20030121
ltconfig:1592: checking if global_symbol_pipe works
ltconfig:1593: gcc -c -g -O2  conftest.c 1>&5
ltconfig:1596: eval "/usr/bin/nm -B conftest.o | sed -n -e 's/^.*[ 	]\([ABCDGISTW]\)[ 	][ 	]*\(\)\([_A-Za-z][_A-Za-z0-9]*\)$/\1 \2\3 \3/p' > conftest.nm"
ltconfig:1648: gcc -o conftest -g -O2 -fno-builtin -fno-rtti -fno-exceptions   conftest.c conftstm.o 1>&5
configure:1735: checking how to run the C preprocessor
configure:1815: checking for ANSI C header files
configure:1919: checking for sys/wait.h that is POSIX.1 compatible
configure:1964: checking for assert.h
configure:1964: checking for limits.h
configure:1964: checking for unistd.h
configure:1964: checking for sys/types.h
configure:1964: checking for fcntl.h
configure:1964: checking for errno.h
configure:2003: checking for working const
configure:2078: checking for inline
configure:2118: checking for pid_t
configure:2152: checking size of int
configure:2191: checking size of long
configure:2230: checking size of long long
configure:2273: checking for waitpid
configure:2273: checking for fcntl
configure:2273: checking for pipe
configure:2273: checking for fork
configure:2381: checking whether to optimize for speed or for accuracy
configure:2430: checking for architecture-specific fixed-point math routines
configure:2520: checking for ISO/IEC interpretation
configure:2540: checking whether to enable profiling
configure:2554: checking whether to enable debugging
configure:2590: checking whether to enable experimental code
