This file contains any messages produced by compilers while
running configure, to aid debugging if configure makes a mistake.

configure:744: checking for a BSD compatible install
configure:797: checking whether build environment is sane
configure:854: checking whether make sets ${MAKE}
configure:900: checking for working aclocal
configure:913: checking for working autoconf
configure:926: checking for working automake
configure:939: checking for working autoheader
configure:952: checking for working makeinfo
configure:980: checking host system type
configure:1005: checking for gcc
configure:1118: checking whether the C compiler (gcc  ) works
configure:1134: gcc -o conftest    conftest.c  1>&5
configure:1160: checking whether the C compiler (gcc  ) is a cross-compiler
configure:1165: checking whether we are using GNU C
configure:1193: checking whether gcc accepts -g
configure:1226: checking for POSIXized ISC
configure:1318: checking build system type
configure:1338: checking for ranlib
configure:1377: checking for ld used by GCC
configure:1439: checking if the linker (/usr/local/arm-linux/bin/ld) is GNU ld
configure:1455: checking for BSD-compatible nm
configure:1491: checking whether ln -s works
ltconfig:603: checking for object suffix
ltconfig:604: gcc -c -g -O2  conftest.c 1>&5
ltconfig:776: checking if gcc PIC flag -fPIC works
ltconfig:777: gcc -c -g -O2 -fPIC -DPIC  conftest.c 1>&5
ltconfig:829: checking if gcc supports -c -o file.o
ltconfig:830: gcc -c -g -O2 -o out/conftest2.o  conftest.c 1>&5
ltconfig:862: checking if gcc supports -c -o file.lo
ltconfig:863: gcc -c -g -O2 -c -o conftest.lo  conftest.c 1>&5
ltconfig:914: checking if gcc supports -fno-rtti -fno-exceptions
ltconfig:915: gcc -c -g -O2 -fno-rtti -fno-exceptions -c conftest.c  conftest.c 1>&5
ltconfig:958: checking if gcc static flag -static works
ltconfig:959: gcc -o conftest -g -O2   -static conftest.c  1>&5
/usr/local/arm-linux/bin/ld: cannot find -lc
collect2: ld returned 1 exit status
GNU ld version 2.14.90 20030515
ltconfig:1592: checking if global_symbol_pipe works
ltconfig:1593: gcc -c -g -O2  conftest.c 1>&5
ltconfig:1596: eval "/usr/bin/nm -B conftest.o | sed -n -e 's/^.*[ 	]\([ABCDGISTW]\)[ 	][ 	]*\(\)\([_A-Za-z][_A-Za-z0-9]*\)$/\1 \2\3 \3/p' > conftest.nm"
ltconfig:1648: gcc -o conftest -g -O2 -fno-builtin -fno-rtti -fno-exceptions   conftest.c conftstm.o 1>&5
configure:1680: checking how to run the C preprocessor
configure:1761: checking whether gcc needs -traditional
configure:1882: checking for ANSI C header files
configure:1986: checking for working const
configure:2061: checking for inline
configure:2101: checking for off_t
configure:2134: checking for size_t
configure:2169: checking for working alloca.h
configure:2202: checking for alloca
configure:2404: checking for unistd.h
configure:2443: checking for getpagesize
configure:2496: checking for working mmap
configure:2675: checking for argz.h
configure:2675: checking for limits.h
configure:2675: checking for locale.h
configure:2675: checking for nl_types.h
configure:2675: checking for malloc.h
configure:2675: checking for string.h
configure:2675: checking for unistd.h
configure:2675: checking for sys/param.h
configure:2715: checking for getcwd
configure:2715: checking for munmap
configure:2715: checking for putenv
configure:2715: checking for setenv
configure:2715: checking for setlocale
configure:2715: checking for strchr
configure:2715: checking for strcasecmp
configure:2715: checking for strdup
configure:2715: checking for __argz_count
configure:2715: checking for __argz_stringify
configure:2715: checking for __argz_next
configure:2834: checking for LC_MESSAGES
configure:2867: checking whether NLS is requested
configure:2887: checking whether included gettext is requested
configure:2906: checking for libintl.h
configure:2933: checking for gettext in libc
configure:3060: checking for msgfmt
configure:3248: checking whether catgets can be used
configure:3520: checking for msgfmt
configure:3554: checking for gmsgfmt
configure:3590: checking for xgettext
configure:3683: checking for catalogs to be installed
configure:3788: checking for ANSI C header files
configure:3897: checking for assert.h
configure:3897: checking for termios.h
configure:3897: checking for stropts.h
configure:3897: checking for sys/types.h
configure:3897: checking for fcntl.h
configure:3897: checking for errno.h
configure:3897: checking for sys/soundcard.h
configure:3897: checking for machine/soundcard.h
configure:3936: checking for working const
configure:4011: checking for inline
configure:4051: checking whether byte ordering is bigendian
configure:4143: checking for vprintf
configure:4250: checking for madvise
configure:4250: checking for localeconv
configure:4305: checking for strcasecmp
configure:4305: checking for strncasecmp
configure:4361: checking for library containing pow
configure:4423: checking for library containing log10
configure:4487: checking for compress2 in -lz
configure:4806: checking whether to use mmap
configure:4882: checking for audio support
configure:4915: mmsystem.h: No such file or directory
configure:4995: checking for esd_open_sound in -lesd
configure:5119: checking whether to enable profiling
configure:5133: checking whether to enable debugging
configure:5220: checking whether to enable experimental code
